<?xml version="1.0" encoding="UTF-8"?>
<testsuite name="com.web.jaru.JaruApplicationTests" tests="1" skipped="0" failures="0" errors="0" timestamp="2025-08-30T07:40:38.956Z" hostname="iyujin-ui-MacBookPro.local" time="0.269">
  <properties/>
  <testcase name="contextLoads()" classname="com.web.jaru.JaruApplicationTests" time="0.269"/>
  <system-out><![CDATA[16:40:36.256 [Test worker] INFO org.springframework.test.context.support.AnnotationConfigContextLoaderUtils -- Could not detect default configuration classes for test class [com.web.jaru.JaruApplicationTests]: JaruApplicationTests does not declare any static, non-private, non-final, nested classes annotated with @Configuration.
16:40:36.324 [Test worker] INFO org.springframework.boot.test.context.SpringBootTestContextBootstrapper -- Found @SpringBootConfiguration com.web.jaru.JaruApplication for test class com.web.jaru.JaruApplicationTests

  .   ____          _            __ _ _
 /\\ / ___'_ __ _ _(_)_ __  __ _ \ \ \ \
( ( )\___ | '_ | '_| | '_ \/ _` | \ \ \ \
 \\/  ___)| |_)| | | | | || (_| |  ) ) ) )
  '  |____| .__|_| |_|_| |_\__, | / / / /
 =========|_|==============|___/=/_/_/_/

 :: Spring Boot ::                (v3.5.4)

2025-08-30T16:40:36.528+09:00  INFO 63766 --- [jaru] [    Test worker] com.web.jaru.JaruApplicationTests        : Starting JaruApplicationTests using Java 17.0.10 with PID 63766 (started by iyujin in /Users/iyujin/Documents/포트폴리오/jaru-backend)
2025-08-30T16:40:36.529+09:00  INFO 63766 --- [jaru] [    Test worker] com.web.jaru.JaruApplicationTests        : No active profile set, falling back to 1 default profile: "default"
2025-08-30T16:40:36.964+09:00  INFO 63766 --- [jaru] [    Test worker] .s.d.r.c.RepositoryConfigurationDelegate : Multiple Spring Data modules found, entering strict repository configuration mode
2025-08-30T16:40:36.965+09:00  INFO 63766 --- [jaru] [    Test worker] .s.d.r.c.RepositoryConfigurationDelegate : Bootstrapping Spring Data JPA repositories in DEFAULT mode.
2025-08-30T16:40:37.049+09:00  INFO 63766 --- [jaru] [    Test worker] .s.d.r.c.RepositoryConfigurationDelegate : Finished Spring Data repository scanning in 79 ms. Found 7 JPA repository interfaces.
2025-08-30T16:40:37.059+09:00  INFO 63766 --- [jaru] [    Test worker] .s.d.r.c.RepositoryConfigurationDelegate : Multiple Spring Data modules found, entering strict repository configuration mode
2025-08-30T16:40:37.060+09:00  INFO 63766 --- [jaru] [    Test worker] .s.d.r.c.RepositoryConfigurationDelegate : Bootstrapping Spring Data Redis repositories in DEFAULT mode.
2025-08-30T16:40:37.069+09:00  INFO 63766 --- [jaru] [    Test worker] .RepositoryConfigurationExtensionSupport : Spring Data Redis - Could not safely identify store assignment for repository candidate interface com.web.jaru.certifications.repository.CertCategoryRepository; If you want this repository to be a Redis repository, consider annotating your entities with one of these annotations: org.springframework.data.redis.core.RedisHash (preferred), or consider extending one of the following types with your repository: org.springframework.data.keyvalue.repository.KeyValueRepository
2025-08-30T16:40:37.069+09:00  INFO 63766 --- [jaru] [    Test worker] .RepositoryConfigurationExtensionSupport : Spring Data Redis - Could not safely identify store assignment for repository candidate interface com.web.jaru.certifications.repository.CertificationRepository; If you want this repository to be a Redis repository, consider annotating your entities with one of these annotations: org.springframework.data.redis.core.RedisHash (preferred), or consider extending one of the following types with your repository: org.springframework.data.keyvalue.repository.KeyValueRepository
2025-08-30T16:40:37.069+09:00  INFO 63766 --- [jaru] [    Test worker] .RepositoryConfigurationExtensionSupport : Spring Data Redis - Could not safely identify store assignment for repository candidate interface com.web.jaru.posts.repository.PostCategoryRepository; If you want this repository to be a Redis repository, consider annotating your entities with one of these annotations: org.springframework.data.redis.core.RedisHash (preferred), or consider extending one of the following types with your repository: org.springframework.data.keyvalue.repository.KeyValueRepository
2025-08-30T16:40:37.070+09:00  INFO 63766 --- [jaru] [    Test worker] .RepositoryConfigurationExtensionSupport : Spring Data Redis - Could not safely identify store assignment for repository candidate interface com.web.jaru.posts.repository.PostRepository; If you want this repository to be a Redis repository, consider annotating your entities with one of these annotations: org.springframework.data.redis.core.RedisHash (preferred), or consider extending one of the following types with your repository: org.springframework.data.keyvalue.repository.KeyValueRepository
2025-08-30T16:40:37.070+09:00  INFO 63766 --- [jaru] [    Test worker] .RepositoryConfigurationExtensionSupport : Spring Data Redis - Could not safely identify store assignment for repository candidate interface com.web.jaru.posts_comments.repository.CommentRepository; If you want this repository to be a Redis repository, consider annotating your entities with one of these annotations: org.springframework.data.redis.core.RedisHash (preferred), or consider extending one of the following types with your repository: org.springframework.data.keyvalue.repository.KeyValueRepository
2025-08-30T16:40:37.071+09:00  INFO 63766 --- [jaru] [    Test worker] .RepositoryConfigurationExtensionSupport : Spring Data Redis - Could not safely identify store assignment for repository candidate interface com.web.jaru.user_scrap_cert.repository.UserScrapCertRepository; If you want this repository to be a Redis repository, consider annotating your entities with one of these annotations: org.springframework.data.redis.core.RedisHash (preferred), or consider extending one of the following types with your repository: org.springframework.data.keyvalue.repository.KeyValueRepository
2025-08-30T16:40:37.071+09:00  INFO 63766 --- [jaru] [    Test worker] .RepositoryConfigurationExtensionSupport : Spring Data Redis - Could not safely identify store assignment for repository candidate interface com.web.jaru.users.repository.UserRepository; If you want this repository to be a Redis repository, consider annotating your entities with one of these annotations: org.springframework.data.redis.core.RedisHash (preferred), or consider extending one of the following types with your repository: org.springframework.data.keyvalue.repository.KeyValueRepository
2025-08-30T16:40:37.071+09:00  INFO 63766 --- [jaru] [    Test worker] .s.d.r.c.RepositoryConfigurationDelegate : Finished Spring Data repository scanning in 6 ms. Found 0 Redis repository interfaces.
2025-08-30T16:40:37.348+09:00  INFO 63766 --- [jaru] [    Test worker] com.zaxxer.hikari.HikariDataSource       : HikariPool-1 - Starting...
2025-08-30T16:40:37.436+09:00  INFO 63766 --- [jaru] [    Test worker] com.zaxxer.hikari.pool.HikariPool        : HikariPool-1 - Added connection conn0: url=jdbc:h2:mem:7bb77345-d4bb-429c-a111-9e2ae39e3a48 user=SA
2025-08-30T16:40:37.437+09:00  INFO 63766 --- [jaru] [    Test worker] com.zaxxer.hikari.HikariDataSource       : HikariPool-1 - Start completed.
2025-08-30T16:40:37.457+09:00  INFO 63766 --- [jaru] [    Test worker] o.hibernate.jpa.internal.util.LogHelper  : HHH000204: Processing PersistenceUnitInfo [name: default]
2025-08-30T16:40:37.477+09:00  INFO 63766 --- [jaru] [    Test worker] org.hibernate.Version                    : HHH000412: Hibernate ORM core version 6.6.22.Final
2025-08-30T16:40:37.491+09:00  INFO 63766 --- [jaru] [    Test worker] o.h.c.internal.RegionFactoryInitiator    : HHH000026: Second-level cache disabled
2025-08-30T16:40:37.612+09:00  INFO 63766 --- [jaru] [    Test worker] o.s.o.j.p.SpringPersistenceUnitInfo      : No LoadTimeWeaver setup: ignoring JPA class transformer
2025-08-30T16:40:37.652+09:00  INFO 63766 --- [jaru] [    Test worker] org.hibernate.orm.connections.pooling    : HHH10001005: Database info:
	Database JDBC URL [Connecting through datasource 'HikariDataSource (HikariPool-1)']
	Database driver: undefined/unknown
	Database version: 2.3.232
	Autocommit mode: undefined/unknown
	Isolation level: undefined/unknown
	Minimum pool size: undefined/unknown
	Maximum pool size: undefined/unknown
2025-08-30T16:40:38.088+09:00  INFO 63766 --- [jaru] [    Test worker] o.h.e.t.j.p.i.JtaPlatformInitiator       : HHH000489: No JTA platform available (set 'hibernate.transaction.jta.platform' to enable JTA platform integration)
2025-08-30T16:40:38.121+09:00  INFO 63766 --- [jaru] [    Test worker] j.LocalContainerEntityManagerFactoryBean : Initialized JPA EntityManagerFactory for persistence unit 'default'
2025-08-30T16:40:38.388+09:00  WARN 63766 --- [jaru] [    Test worker] JpaBaseConfiguration$JpaWebConfiguration : spring.jpa.open-in-view is enabled by default. Therefore, database queries may be performed during view rendering. Explicitly configure spring.jpa.open-in-view to disable this warning
2025-08-30T16:40:38.522+09:00  WARN 63766 --- [jaru] [    Test worker] .s.s.UserDetailsServiceAutoConfiguration : 

Using generated security password: 43f603d5-7b40-46ae-9ef8-09aa576f5a6e

This generated password is for development use only. Your security configuration must be updated before running your application in production.

2025-08-30T16:40:38.526+09:00  INFO 63766 --- [jaru] [    Test worker] r$InitializeUserDetailsManagerConfigurer : Global AuthenticationManager configured with UserDetailsService bean with name inMemoryUserDetailsManager
2025-08-30T16:40:38.623+09:00  INFO 63766 --- [jaru] [    Test worker] o.s.v.b.OptionalValidatorFactoryBean     : Failed to set up a Bean Validation provider: jakarta.validation.NoProviderFoundException: Unable to create a Configuration, because no Jakarta Bean Validation provider could be found. Add a provider like Hibernate Validator (RI) to your classpath.
2025-08-30T16:40:38.948+09:00  INFO 63766 --- [jaru] [    Test worker] com.web.jaru.JaruApplicationTests        : Started JaruApplicationTests in 2.544 seconds (process running for 3.101)
]]></system-out>
  <system-err><![CDATA[]]></system-err>
</testsuite>
